\BOOKMARK [1][-]{section*.1}{\376\377\000A\000b\000s\000t\000r\000a\000c\000t}{}% 1
\BOOKMARK [1][-]{section.1}{\376\377\0001\000\040\000I\000n\000t\000r\000o\000d\000u\000c\000t\000i\000o\000n}{}% 2
\BOOKMARK [1][-]{section.2}{\376\377\0002\000\040\000T\000h\000e\000\040\000I\000n\000t\000r\000o\000s\000o\000r\000t\000\040\000A\000l\000g\000o\000r\000i\000t\000h\000m}{}% 3
\BOOKMARK [2][-]{subsection.2.1}{\376\377\0002\000.\0001\000\040\000P\000a\000r\000t\000i\000t\000i\000o\000n\000i\000n\000g}{section.2}% 4
\BOOKMARK [2][-]{subsection.2.2}{\376\377\0002\000.\0002\000\040\000U\000n\000g\000u\000a\000r\000d\000e\000d\000\040\000I\000n\000s\000e\000r\000t\000i\000o\000n\000\040\000S\000o\000r\000t}{section.2}% 5
\BOOKMARK [1][-]{section.3}{\376\377\0003\000\040\000N\000o\000t\000a\000t\000i\000o\000n}{}% 6
\BOOKMARK [1][-]{section.4}{\376\377\0004\000\040\000T\000h\000e\000\040\000I\000s\000a\000b\000e\000l\000l\000e\000\040\000R\000e\000f\000i\000n\000e\000m\000e\000n\000t\000\040\000F\000r\000a\000m\000e\000w\000o\000r\000k}{}% 7
\BOOKMARK [1][-]{section.5}{\376\377\0005\000\040\000V\000e\000r\000i\000f\000y\000i\000n\000g\000\040\000I\000n\000t\000r\000o\000s\000o\000r\000t}{}% 8
\BOOKMARK [2][-]{subsection.5.1}{\376\377\0005\000.\0001\000\040\000R\000e\000f\000i\000n\000e\000m\000e\000n\000t}{section.5}% 9
\BOOKMARK [1][-]{section.6}{\376\377\0006\000\040\000A\000s\000s\000e\000m\000b\000l\000i\000n\000g\000\040\000t\000h\000e\000\040\000I\000m\000p\000l\000e\000m\000e\000n\000t\000a\000t\000i\000o\000n}{}% 10
\BOOKMARK [2][-]{subsection.6.1}{\376\377\0006\000.\0001\000\040\000U\000n\000g\000u\000a\000r\000d\000e\000d\000\040\000I\000n\000s\000e\000r\000t\000i\000o\000n\000\040\000S\000o\000r\000t}{section.6}% 11
\BOOKMARK [2][-]{subsection.6.2}{\376\377\0006\000.\0002\000\040\000H\000e\000a\000p\000s\000o\000r\000t\000\040\000a\000n\000d\000\040\000P\000a\000r\000t\000i\000t\000i\000o\000n}{section.6}% 12
\BOOKMARK [1][-]{section.7}{\376\377\0007\000\040\000I\000m\000p\000e\000r\000a\000t\000i\000v\000e\000\040\000I\000m\000p\000l\000e\000m\000e\000n\000t\000a\000t\000i\000o\000n}{}% 13
\BOOKMARK [2][-]{subsection.7.1}{\376\377\0007\000.\0001\000\040\000T\000h\000e\000\040\000S\000e\000p\000r\000e\000f\000\040\000T\000o\000o\000l}{section.7}% 14
\BOOKMARK [2][-]{subsection.7.2}{\376\377\0007\000.\0002\000\040\000T\000h\000e\000\040\000I\000s\000a\000b\000e\000l\000l\000e\000-\000L\000L\000V\000M\000\040\000C\000o\000d\000e\000\040\000G\000e\000n\000e\000r\000a\000t\000o\000r}{section.7}% 15
\BOOKMARK [2][-]{subsection.7.3}{\376\377\0007\000.\0003\000\040\000S\000e\000p\000a\000r\000a\000t\000i\000o\000n\000\040\000L\000o\000g\000i\000c\000\040\000a\000n\000d\000\040\000O\000w\000n\000e\000r\000s\000h\000i\000p}{section.7}% 16
\BOOKMARK [1][-]{section.8}{\376\377\0008\000\040\000B\000e\000n\000c\000h\000m\000a\000r\000k\000s}{}% 17
\BOOKMARK [1][-]{section.9}{\376\377\0009\000\040\000C\000o\000n\000c\000l\000u\000s\000i\000o\000n\000s}{}% 18
\BOOKMARK [2][-]{subsection.9.1}{\376\377\0009\000.\0001\000\040\000M\000o\000r\000e\000\040\000R\000e\000l\000a\000t\000e\000d\000\040\000W\000o\000r\000k}{section.9}% 19
\BOOKMARK [2][-]{subsection.9.2}{\376\377\0009\000.\0002\000\040\000F\000u\000t\000u\000r\000e\000\040\000W\000o\000r\000k}{section.9}% 20
\BOOKMARK [1][-]{section*.11}{\376\377\000R\000e\000f\000e\000r\000e\000n\000c\000e\000s}{}% 21
